  InventoryStack.cpp
C:\Users\eupig\source\repos\InventoryStack\InventoryStack\InventoryStack.h(49,2): error C3861: 'newNode': identifier not found
C:\Users\eupig\source\repos\InventoryStack\InventoryStack\InventoryStack.h(50,2): error C3861: 'newNode': identifier not found
C:\Users\eupig\source\repos\InventoryStack\InventoryStack\InventoryStack.h(53,9): error C3861: 'newNode': identifier not found
C:\Users\eupig\source\repos\InventoryStack\InventoryStack\InventoryStack.h(54,3): error C3861: 'newNode': identifier not found
C:\Users\eupig\source\repos\InventoryStack\InventoryStack\InventoryStack.h(57,3): error C3861: 'newNode': identifier not found
C:\Users\eupig\source\repos\InventoryStack\InventoryStack\InventoryStack.h(58,9): error C3861: 'newNode': identifier not found
C:\Users\eupig\source\repos\InventoryStack\InventoryStack\InventoryStack.cpp(24,15): error C2065: 'InventoryStack': undeclared identifier
C:\Users\eupig\source\repos\InventoryStack\InventoryStack\InventoryStack.cpp(24,30): error C2062: type 'int' unexpected
C:\Users\eupig\source\repos\InventoryStack\InventoryStack\InventoryStack.cpp(25,14): error C2065: 'InventoryStack': undeclared identifier
C:\Users\eupig\source\repos\InventoryStack\InventoryStack\InventoryStack.cpp(25,29): error C2062: type 'int' unexpected
C:\Users\eupig\source\repos\InventoryStack\InventoryStack\InventoryStack.cpp(31,2): error C2065: 'InventoryStack': undeclared identifier
C:\Users\eupig\source\repos\InventoryStack\InventoryStack\InventoryStack.cpp(31,17): error C2062: type 'int' unexpected
C:\Users\eupig\source\repos\InventoryStack\InventoryStack\InventoryStack.cpp(41,14): error C2065: 'stack': undeclared identifier
C:\Users\eupig\source\repos\InventoryStack\InventoryStack\InventoryStack.cpp(41,5): error C3861: 'pushItem': identifier not found
C:\Users\eupig\source\repos\InventoryStack\InventoryStack\InventoryStack.cpp(44,13): error C2065: 'stack': undeclared identifier
C:\Users\eupig\source\repos\InventoryStack\InventoryStack\InventoryStack.cpp(44,5): error C3861: 'popItem': identifier not found
C:\Users\eupig\source\repos\InventoryStack\InventoryStack\InventoryStack.cpp(70,16): error C2065: 'InventoryStack': undeclared identifier
C:\Users\eupig\source\repos\InventoryStack\InventoryStack\InventoryStack.cpp(70,31): error C2062: type 'int' unexpected
C:\Users\eupig\source\repos\InventoryStack\InventoryStack\InventoryStack.cpp(71,2): error C2143: syntax error: missing ';' before '{'
C:\Users\eupig\source\repos\InventoryStack\InventoryStack\InventoryStack.cpp(71,2): error C2447: '{': missing function header (old-style formal list?)
C:\Users\eupig\source\repos\InventoryStack\InventoryStack\InventoryStack.cpp(88,15): error C2065: 'InventoryStack': undeclared identifier
C:\Users\eupig\source\repos\InventoryStack\InventoryStack\InventoryStack.cpp(88,30): error C2062: type 'int' unexpected
C:\Users\eupig\source\repos\InventoryStack\InventoryStack\InventoryStack.cpp(89,2): error C2143: syntax error: missing ';' before '{'
C:\Users\eupig\source\repos\InventoryStack\InventoryStack\InventoryStack.cpp(89,2): error C2447: '{': missing function header (old-style formal list?)
